<?xml version="1.0" encoding="UTF-8"?>
<!-- Generated by org.testng.reporters.JUnitXMLReporter -->
<testsuite ignored="0" hostname="Aadish" failures="0" tests="2" name="Default test" time="0.108" errors="0" timestamp="2022-09-29T20:40:11 IST">
  <testcase classname="testPackage.TestNG_Facebook_Messenger" name="@BeforeTest launch_Browser" time="-1.664464211565E9">
    <failure type="org.testng.TestNGException" message="
Parameter &amp;apos;browser&amp;apos; is required by BeforeTest on method launch_Browser but has not been marked @Optional or defined
in C:\Users\Aadishma\AppData\Local\Temp\testng-eclipse-460540069\testng-customsuite.xml">
      <![CDATA[org.testng.TestNGException: 
Parameter 'browser' is required by BeforeTest on method launch_Browser but has not been marked @Optional or defined
in C:\Users\Aadishma\AppData\Local\Temp\testng-eclipse-460540069\testng-customsuite.xml
at org.testng.internal.Parameters.createParams(Parameters.java:270)
at org.testng.internal.Parameters.createParametersForMethod(Parameters.java:358)
at org.testng.internal.Parameters.createParameters(Parameters.java:700)
at org.testng.internal.Parameters.createConfigurationParameters(Parameters.java:168)
at org.testng.internal.ConfigInvoker.invokeConfigurations(ConfigInvoker.java:302)
at org.testng.TestRunner.invokeTestConfigurations(TestRunner.java:637)
at org.testng.TestRunner.beforeRun(TestRunner.java:627)
at org.testng.TestRunner.run(TestRunner.java:589)
at org.testng.SuiteRunner.runTest(SuiteRunner.java:377)
at org.testng.SuiteRunner.runSequentially(SuiteRunner.java:371)
at org.testng.SuiteRunner.privateRun(SuiteRunner.java:332)
at org.testng.SuiteRunner.run(SuiteRunner.java:276)
at org.testng.SuiteRunnerWorker.runSuite(SuiteRunnerWorker.java:53)
at org.testng.SuiteRunnerWorker.run(SuiteRunnerWorker.java:96)
at org.testng.TestNG.runSuitesSequentially(TestNG.java:1212)
at org.testng.TestNG.runSuitesLocally(TestNG.java:1134)
at org.testng.TestNG.runSuites(TestNG.java:1063)
at org.testng.TestNG.run(TestNG.java:1031)
at org.testng.remote.AbstractRemoteTestNG.run(AbstractRemoteTestNG.java:115)
at org.testng.remote.RemoteTestNG.initAndRun(RemoteTestNG.java:251)
at org.testng.remote.RemoteTestNG.main(RemoteTestNG.java:77)
]]>
    </failure>
  </testcase> <!-- @BeforeTest launch_Browser -->
  <testcase classname="testPackage.TestNG_Facebook_Messenger" name="@BeforeClass createPomObjects" time="-1.664464211608E9">
    <skipped/>
  </testcase> <!-- @BeforeClass createPomObjects -->
  <testcase classname="testPackage.TestNG_Facebook_Messenger" name="@BeforeMethod open_Facebook" time="-1.664464211645E9">
    <skipped/>
  </testcase> <!-- @BeforeMethod open_Facebook -->
  <testcase classname="testPackage.TestNG_Facebook_Messenger" name="@BeforeMethod open_Facebook" time="-1.664464211654E9">
    <skipped/>
  </testcase> <!-- @BeforeMethod open_Facebook -->
  <testcase classname="testPackage.TestNG_Facebook_Messenger" name="@AfterClass removeObjects" time="-1.664464211661E9">
    <skipped/>
  </testcase> <!-- @AfterClass removeObjects -->
  <testcase classname="testPackage.TestNG_Facebook_Messenger" name="@AfterTest closeBrowser" time="-1.664464211665E9">
    <skipped/>
  </testcase> <!-- @AfterTest closeBrowser -->
  <testcase classname="testPackage.TestNG_Facebook_Messenger" name="removeObjects" time="0.0">
    <skipped/>
  </testcase> <!-- removeObjects -->
  <testcase classname="testPackage.TestNG_Facebook_Messenger" name="verify_Rooms_page" time="0.0">
    <skipped/>
  </testcase> <!-- verify_Rooms_page -->
</testsuite> <!-- Default test -->
